<?xml version="1.0" encoding="UTF-8"?>
<testng-results ignored="0" total="2" passed="2" failed="0" skipped="0">
  <reporter-output>
  </reporter-output>
  <suite started-at="2023-05-26T18:11:02 IST" name="Default suite" finished-at="2023-05-26T18:11:02 IST" duration-ms="228">
    <groups>
    </groups>
    <test started-at="2023-05-26T18:11:02 IST" name="Default test" finished-at="2023-05-26T18:11:02 IST" duration-ms="228">
      <class name="MY.Tmoney.TestingGitHub">
        <test-method signature="testBranch()[pri:0, instance:MY.Tmoney.TestingGitHub@10d307f1]" started-at="2023-05-26T18:11:02 IST" name="testBranch" finished-at="2023-05-26T18:11:02 IST" duration-ms="29" status="PASS">
          <reporter-output>
          </reporter-output>
        </test-method> <!-- testBranch -->
        <test-method signature="testMerge()[pri:0, instance:MY.Tmoney.TestingGitHub@10d307f1]" started-at="2023-05-26T18:11:02 IST" name="testMerge" finished-at="2023-05-26T18:11:02 IST" duration-ms="3" status="PASS">
          <reporter-output>
          </reporter-output>
        </test-method> <!-- testMerge -->
      </class> <!-- MY.Tmoney.TestingGitHub -->
    </test> <!-- Default test -->
  </suite> <!-- Default suite -->
</testng-results>
